This is pdfTeX, Version 3.1415926-2.5-1.40.14 (MiKTeX 2.9 64-bit) (preloaded format=pdftex 2013.12.16)  17 AUG 2017 15:46
entering extended mode
**C:/Users/ccurtis/Google*Drive/nls_path_project/August_13_Fin_Draft/deep_water
_shear.bib

("C:/Users/ccurtis/Google Drive/nls_path_project/August_13_Fin_Draft/deep_water
_shear.bib"
Overfull \hbox (0.3013pt too wide) in paragraph at lines 23--31
[]\tenrm @articlecurtis, AU-THOR=C.W. Cur-tis and S.S.P. Shen, TITLE=Three-dime
nsional sur-face wa-ter waves|

\hbox(6.94444+1.94444)x469.75499, glue set - 1.0
.\hbox(0.0+0.0)x20.0
.\tenrm @
.\tenrm a
.\tenrm r
.\tenrm t
.etc.


Overfull \hbox (10.1581pt too wide) in paragraph at lines 23--31
\tenrm gov-erned by the forced Benney--Luke equa-tion, JOUR-NAL=Stud. Appl. Mat
h., VOL-UME=135, PAGES=447--|

\hbox(6.94444+1.94444)x469.75499, glue set - 1.0
.\tenrm g
.\tenrm o
.\kern-0.27779
.\discretionary replacing 2
..\tenrm v
..\tenrm -
.\tenrm v
.etc.


Overfull \hbox (3.32915pt too wide) in paragraph at lines 32--40
[]\tenrm @articlecurtis2, AU-THOR=C.W. Cur-tis and B. De-con-inck, TI-TLE=On th
e con-ver-gence of Hill's method,|

\hbox(6.94444+1.94444)x469.75499, glue set - 1.0
.\hbox(0.0+0.0)x20.0
.\tenrm @
.\tenrm a
.\tenrm r
.\tenrm t
.etc.


Overfull \hbox (7.80138pt too wide) in paragraph at lines 73--81
[]\tenrm @articlecurtis7, AU-THOR=M.J. Ablowitz and C.W. Cur-tis, TI-TLE=Conser
vation laws and web-solutions|

\hbox(6.94444+1.94444)x469.75499, glue set - 1.0
.\hbox(0.0+0.0)x20.0
.\tenrm @
.\tenrm a
.\tenrm r
.\tenrm t
.etc.


Overfull \hbox (10.60698pt too wide) in paragraph at lines 82--99
[]\tenrm @articlevasan2014pressure, ti-tle=Pressure be-neath a trav-el-ing wave
 with con-stant vor-tic-ity, au-thor=Vasan,|

\hbox(6.94444+1.94444)x469.75499, glue set - 1.0
.\hbox(0.0+0.0)x20.0
.\tenrm @
.\tenrm a
.\tenrm r
.\tenrm t
.etc.


Overfull \hbox (7.41263pt too wide) in paragraph at lines 162--169
\tenrm Wave-Current In-ter-ac-tions and Tsunamis, PUB-LISHER=SIAM, AD-DRESS=Phi
ladelphia, P.A., YEAR=2011|

\hbox(6.94444+1.94444)x469.75499, glue set - 1.0
.\tenrm W
.\kern-0.83334
.\tenrm a
.\kern-0.27779
.\tenrm v
.etc.


Underfull \hbox (badness 10000) in paragraph at lines 162--169


\hbox(0.0+0.0)x469.75499
.\glue(\rightskip) 0.0

[1{C:/ProgramData/MiKTeX/2.9/pdftex/config/pdftex.map}]
Overfull \hbox (13.30171pt too wide) in paragraph at lines 243--253
\tenrm thor=Choi, Wooy-oung, jour-nal=Mathematics and Com-put-ers in Sim-u-la-t
ion, vol-ume=80, num-ber=1, pages=29--|

\hbox(6.94444+1.94444)x469.75499, glue set - 1.0
.\tenrm t
.\tenrm h
.\tenrm o
.\tenrm r
.\tenrm =
.etc.


Overfull \hbox (7.68945pt too wide) in paragraph at lines 290--297
[]\tenrm @bookfokas2008, ti-tle=A Uni-fied Ap-proach to Bound-ary Value Prob-le
ms, au-thor=Fokas, A.S., year=2008,|

\hbox(6.94444+1.94444)x469.75499, glue set - 1.0
.\hbox(0.0+0.0)x20.0
.\tenrm @
.\tenrm b
.\kern0.27779
.\tenrm o
.etc.

)
*
! Emergency stop.
<*> ...ct/August_13_Fin_Draft/deep_water_shear.bib
                                                  
End of file on the terminal!

!  ==> Fatal error occurred, no output PDF file produced!
